2024-09-12 12:58:40 error: Password is a required field
2024-09-12 12:58:48 error: password must be at least 8 characters
2024-09-12 12:58:59 error: Enter a valid email
2024-09-12 12:59:07 error: Enter a valid email
2024-09-12 12:59:15 error: First Name is a required field!!
2024-09-12 12:59:20 error: Last Name is a required field!!
2024-09-12 13:00:23 error: Passwrod is a required field
2024-09-12 13:00:28 error: password must be at least 8 characters
2024-09-12 13:04:30 error: missing token!!
2024-09-12 13:05:14 info: There're no jobs yet!!
2024-09-12 15:00:27 error: Email already exists!!
2024-09-12 15:00:45 error: Email already exists!!
2024-09-12 15:05:27 error: CustomError is not defined
2024-09-12 15:05:50 error: phoneNumbers is a required field
2024-09-12 15:07:43 error: phoneNumbers is a required field
2024-09-12 15:08:00 error: At least one phone number is required
2024-09-12 15:08:28 error: address.apartment is a required field
2024-09-12 15:12:24 error: phoneNumbers[0] must match the following: "/^(\+?2?01[0125][0-9]{8})$|^(\+?2?0[2-9][0-9]{7,8})$/"
2024-09-12 15:12:53 error: Invalid phone number!!
2024-09-12 15:13:02 error: Invalid phone number!!
2024-09-12 15:13:09 error: address.apartment is a required field
2024-09-12 15:13:28 error: address.apartment must be a `number` type, but the final value was: `NaN` (cast from the value `""`).
2024-09-12 15:14:17 error: address.apartment is a required field
2024-09-12 15:14:25 error: Cannot destructure property 'id' of 'req.user' as it is undefined.
2024-09-12 15:27:27 error: Invalid client id
2024-09-12 16:01:30 error: populatedClient is not defined
2024-09-12 16:59:13 info: There're no jobs yet!!
2024-09-12 17:00:16 error: this field has unspecified keys: name
2024-09-12 17:01:37 error: location is a required field
2024-09-12 17:02:50 info: job created
2024-09-12 17:04:26 error: this field has unspecified keys: name
2024-09-12 17:04:39 error: location is a required field
2024-09-12 17:04:45 error: location is a required field
2024-09-12 17:05:21 error: there's no data sent!!
2024-09-12 17:05:37 error: this field has unspecified keys: name
2024-09-12 17:05:43 error: this field has unspecified keys: name
2024-09-12 17:06:58 error: Invalid job id
2024-09-12 17:07:04 error: You do not have right to modify this job!!!
2024-09-12 17:07:42 error: Invalid job id
2024-09-12 17:07:51 info: Job Updated
2024-09-12 17:08:39 error: missing token!!
2024-09-12 17:08:56 error: Invalid job id
2024-09-12 17:09:04 error: You do not have right to remove this job!!!
2024-09-12 17:09:11 info: Job deleted
2024-09-12 17:09:15 info: There're no jobs yet!!
2024-09-12 17:11:49 error: Governorate is a required field!
